Determining if the pthread_create exist failed with the following output:
Change Dir: /home/feliperfranca/james_ws/build/CMakeFiles/CMakeTmp

Run Build Command:/usr/bin/make "cmTryCompileExec3122902439/fast"
/usr/bin/make -f CMakeFiles/cmTryCompileExec3122902439.dir/build.make CMakeFiles/cmTryCompileExec3122902439.dir/build
make[1]: Entrando no diretório `/home/feliperfranca/james_ws/build/CMakeFiles/CMakeTmp'
/usr/bin/cmake -E cmake_progress_report /home/feliperfranca/james_ws/build/CMakeFiles/CMakeTmp/CMakeFiles 1
Building C object CMakeFiles/cmTryCompileExec3122902439.dir/CheckSymbolExists.c.o
/usr/bin/cc    -o CMakeFiles/cmTryCompileExec3122902439.dir/CheckSymbolExists.c.o   -c /home/feliperfranca/james_ws/build/CMakeFiles/CMakeTmp/CheckSymbolExists.c
Linking C executable cmTryCompileExec3122902439
/usr/bin/cmake -E cmake_link_script CMakeFiles/cmTryCompileExec3122902439.dir/link.txt --verbose=1
/usr/bin/cc       CMakeFiles/cmTryCompileExec3122902439.dir/CheckSymbolExists.c.o  -o cmTryCompileExec3122902439 -rdynamic 
CMakeFiles/cmTryCompileExec3122902439.dir/CheckSymbolExists.c.o: na função `main':
CheckSymbolExists.c:(.text+0x16): referência indefinida para `pthread_create'
collect2: error: ld returned 1 exit status
make[1]: ** [cmTryCompileExec3122902439] Erro 1
make[1]: Saindo do diretório `/home/feliperfranca/james_ws/build/CMakeFiles/CMakeTmp'
make: ** [cmTryCompileExec3122902439/fast] Erro 2

File /home/feliperfranca/james_ws/build/CMakeFiles/CMakeTmp/CheckSymbolExists.c:
/* */
#include <pthread.h>

int main(int argc, char** argv)
{
  (void)argv;
#ifndef pthread_create
  return ((int*)(&pthread_create))[argc];
#else
  (void)argc;
  return 0;
#endif
}

Determining if the function pthread_create exists in the pthreads failed with the following output:
Change Dir: /home/feliperfranca/james_ws/build/CMakeFiles/CMakeTmp

Run Build Command:/usr/bin/make "cmTryCompileExec4201012296/fast"
/usr/bin/make -f CMakeFiles/cmTryCompileExec4201012296.dir/build.make CMakeFiles/cmTryCompileExec4201012296.dir/build
make[1]: Entrando no diretório `/home/feliperfranca/james_ws/build/CMakeFiles/CMakeTmp'
/usr/bin/cmake -E cmake_progress_report /home/feliperfranca/james_ws/build/CMakeFiles/CMakeTmp/CMakeFiles 1
Building C object CMakeFiles/cmTryCompileExec4201012296.dir/CheckFunctionExists.c.o
/usr/bin/cc   -DCHECK_FUNCTION_EXISTS=pthread_create   -o CMakeFiles/cmTryCompileExec4201012296.dir/CheckFunctionExists.c.o   -c /usr/share/cmake-2.8/Modules/CheckFunctionExists.c
Linking C executable cmTryCompileExec4201012296
/usr/bin/cmake -E cmake_link_script CMakeFiles/cmTryCompileExec4201012296.dir/link.txt --verbose=1
/usr/bin/cc   -DCHECK_FUNCTION_EXISTS=pthread_create    CMakeFiles/cmTryCompileExec4201012296.dir/CheckFunctionExists.c.o  -o cmTryCompileExec4201012296 -rdynamic -lpthreads 
/usr/bin/ld: não foi possível encontrar -lpthreads
collect2: error: ld returned 1 exit status
make[1]: ** [cmTryCompileExec4201012296] Erro 1
make[1]: Saindo do diretório `/home/feliperfranca/james_ws/build/CMakeFiles/CMakeTmp'
make: ** [cmTryCompileExec4201012296/fast] Erro 2


